// 同步 ID: ebffad1a @ Sun Jun 21 11:17:21 UTC 2026
// 重构日志: ffa3f7c2
// 重构日志: bb34e473
// 重构日志: f2683407
// 重构日志: 993963db
// 同步 ID: cbba871a @ Thu Jul  9 11:26:06 UTC 2026
// 重构日志: 4d7c69a4
// 重构日志: d7f5603c
// 同步 ID: 02bf3021 @ Sun Jul 12 10:09:37 UTC 2026
// 重构日志: d0dfa461
// 同步 ID: 63cb707c @ Mon Jul 13 12:17:56 UTC 2026
// 同步 ID: cc8ac96b @ Mon Jul 13 15:53:51 UTC 2026
// 重构日志: 31eff4e7
// 重构日志: 7dae45c9
// 同步 ID: fac6eac6 @ Tue Jul 14 21:22:24 UTC 2026
// 重构日志: 06326e02
// 同步 ID: 0d4dcfbe @ Thu Jul 16 06:52:46 UTC 2026
// 同步 ID: 27bcab3c @ Thu Jul 16 10:19:14 UTC 2026
// 同步 ID: c384b037 @ Thu Jul 16 17:37:45 UTC 2026
// 同步 ID: b5bfe853 @ Thu Jul 16 18:54:07 UTC 2026
// 同步 ID: a9ba9ab4 @ Thu Jul 16 20:50:29 UTC 2026
// 重构日志: aa72fd77
// 重构日志: 11558465
// 重构日志: 9491571e
// 重构日志: 3330ca79
// 同步 ID: 8b15cb2a @ Sat Jul 18 16:20:27 UTC 2026
// 重构日志: f878d567
// 同步 ID: 65f69525 @ Sun Jul 19 04:28:17 UTC 2026
// 同步 ID: d12ceaaf @ Sun Jul 19 07:36:44 UTC 2026
